{
  message: 'Database connection successfully',
  level: 'info',
  service: 'user-service',
  label: 'university-management-clint',
  timestamp: '2023-06-12T06:24:30.681Z'
}
{
  message: 'Server is running at http://localhost:5000',
  level: 'info',
  service: 'user-service',
  label: 'university-management-clint',
  timestamp: '2023-06-12T06:24:30.704Z'
}
{
  message: 'Database connection successfully',
  level: 'info',
  service: 'user-service',
  label: 'university-management-clint',
  timestamp: '2023-06-12T06:24:39.403Z'
}
{
  message: 'Server is running at http://localhost:5000',
  level: 'info',
  service: 'user-service',
  label: 'university-management-clint',
  timestamp: '2023-06-12T06:24:39.430Z'
}
{
  message: 'Database connection successfully',
  level: 'info',
  service: 'user-service',
  label: 'university-management-clint',
  timestamp: '2023-06-12T06:26:13.706Z'
}
{
  message: 'Server is running at http://localhost:5000',
  level: 'info',
  service: 'user-service',
  label: 'university-management-clint',
  timestamp: '2023-06-12T06:26:13.726Z'
}
{
  message: 'Database connection successfully',
  level: 'info',
  service: 'user-service',
  label: 'university-management-clint',
  timestamp: '2023-06-12T06:26:41.548Z'
}
{
  message: 'Server is running at http://localhost:5000',
  level: 'info',
  service: 'user-service',
  label: 'university-management-clint',
  timestamp: '2023-06-12T06:26:41.561Z'
}
{
  message: 'Database connection successfully',
  level: 'info',
  service: 'user-service',
  label: 'university-management-clint',
  timestamp: '2023-06-12T06:28:13.514Z'
}
{
  message: 'Server is running at http://localhost:5000',
  level: 'info',
  service: 'user-service',
  label: 'university-management-clint',
  timestamp: '2023-06-12T06:28:13.540Z'
}
{
  message: 'Database connection successfully',
  level: 'info',
  service: 'user-service',
  label: 'university-management-clint',
  timestamp: '2023-06-12T06:29:16.798Z'
}
{
  message: 'Server is running at http://localhost:5000',
  level: 'info',
  service: 'user-service',
  label: 'university-management-clint',
  timestamp: '2023-06-12T06:29:16.823Z'
}
{
  message: 'Database connection successfully',
  level: 'info',
  service: 'user-service',
  label: 'university-management-clint',
  timestamp: '2023-06-12T06:29:42.376Z'
}
{
  message: 'Server is running at http://localhost:5000',
  level: 'info',
  service: 'user-service',
  label: 'university-management-clint',
  timestamp: '2023-06-12T06:29:42.396Z'
}
{
  message: 'Database connection successfully',
  level: 'info',
  service: 'user-service',
  label: 'university-management-clint',
  timestamp: '2023-06-12T06:31:16.595Z'
}
{
  message: 'Server is running at http://localhost:5000',
  level: 'info',
  service: 'user-service',
  label: 'university-management-clint',
  timestamp: '2023-06-12T06:31:16.614Z'
}
{
  message: 'Database connection successfully',
  level: 'info',
  service: 'user-service',
  label: 'university-management-clint',
  timestamp: '2023-06-12T06:32:48.152Z'
}
{
  message: 'Server is running at http://localhost:5000',
  level: 'info',
  service: 'user-service',
  label: 'university-management-clint',
  timestamp: '2023-06-12T06:32:48.176Z'
}
{
  message: 'Database connection successfully',
  level: 'info',
  service: 'user-service',
  label: 'university-management-clint',
  timestamp: '2023-06-12T06:33:12.933Z'
}
{
  message: 'Server is running at http://localhost:5000',
  level: 'info',
  service: 'user-service',
  label: 'university-management-clint',
  timestamp: '2023-06-12T06:33:12.949Z'
}
{
  message: 'Database connection successfully',
  level: 'info',
  service: 'user-service',
  label: 'university-management-clint',
  timestamp: '2023-06-12T06:33:34.027Z'
}
{
  message: 'Server is running at http://localhost:5000',
  level: 'info',
  service: 'user-service',
  label: 'university-management-clint',
  timestamp: '2023-06-12T06:33:34.047Z'
}
{
  message: 'Database connection successfully',
  level: 'info',
  service: 'user-service',
  label: 'university-management-clint',
  timestamp: '2023-06-12T06:33:46.314Z'
}
{
  message: 'Server is running at http://localhost:5000',
  level: 'info',
  service: 'user-service',
  label: 'university-management-clint',
  timestamp: '2023-06-12T06:33:46.333Z'
}
{
  message: 'Database connection successfully',
  level: 'info',
  service: 'user-service',
  label: 'university-management-clint',
  timestamp: '2023-06-12T06:34:48.985Z'
}
{
  message: 'Server is running at http://localhost:5000',
  level: 'info',
  service: 'user-service',
  label: 'university-management-clint',
  timestamp: '2023-06-12T06:34:49.018Z'
}
{
  message: 'Database connection successfully',
  level: 'info',
  service: 'user-service',
  label: 'university-management-clint',
  timestamp: '2023-06-12T06:35:33.835Z'
}
{
  message: 'Server is running at http://localhost:5000',
  level: 'info',
  service: 'user-service',
  label: 'university-management-clint',
  timestamp: '2023-06-12T06:35:33.857Z'
}
