{
  message: 'Database connection successfully',
  level: 'info',
  service: 'user-service',
  label: 'university-management-clint',
  timestamp: '2023-06-06T10:05:02.188Z'
}
{
  message: 'Server is running at http://localhost:5000',
  level: 'info',
  service: 'user-service',
  label: 'university-management-clint',
  timestamp: '2023-06-06T10:05:02.204Z'
}
{
  message: 'Database connection successfully',
  level: 'info',
  service: 'user-service',
  label: 'university-management-clint',
  timestamp: '2023-06-06T10:05:31.584Z'
}
{
  message: 'Server is running at http://localhost:5000',
  level: 'info',
  service: 'user-service',
  label: 'university-management-clint',
  timestamp: '2023-06-06T10:05:31.593Z'
}
{
  message: 'Database connection successfully',
  level: 'info',
  service: 'user-service',
  label: 'university-management-clint',
  timestamp: '2023-06-06T10:06:50.328Z'
}
{
  message: 'Server is running at http://localhost:5000',
  level: 'info',
  service: 'user-service',
  label: 'university-management-clint',
  timestamp: '2023-06-06T10:06:50.347Z'
}
{
  message: 'Database connection successfully',
  level: 'info',
  service: 'user-service',
  label: 'university-management-clint',
  timestamp: '2023-06-06T10:07:17.680Z'
}
{
  message: 'Server is running at http://localhost:5000',
  level: 'info',
  service: 'user-service',
  label: 'university-management-clint',
  timestamp: '2023-06-06T10:07:17.695Z'
}
{
  message: 'Database connection successfully',
  level: 'info',
  service: 'user-service',
  label: 'university-management-clint',
  timestamp: '2023-06-06T10:07:27.729Z'
}
{
  message: 'Server is running at http://localhost:5000',
  level: 'info',
  service: 'user-service',
  label: 'university-management-clint',
  timestamp: '2023-06-06T10:07:27.742Z'
}
{
  message: 'Database connection successfully',
  level: 'info',
  service: 'user-service',
  label: 'university-management-clint',
  timestamp: '2023-06-06T10:09:30.653Z'
}
{
  message: 'Server is running at http://localhost:5000',
  level: 'info',
  service: 'user-service',
  label: 'university-management-clint',
  timestamp: '2023-06-06T10:09:30.668Z'
}
{
  message: 'Database connection successfully',
  level: 'info',
  service: 'user-service',
  label: 'university-management-clint',
  timestamp: '2023-06-06T10:12:07.114Z'
}
{
  message: 'Server is running at http://localhost:5000',
  level: 'info',
  service: 'user-service',
  label: 'university-management-clint',
  timestamp: '2023-06-06T10:12:07.128Z'
}
{
  message: 'Database connection successfully',
  level: 'info',
  service: 'user-service',
  label: 'university-management-clint',
  timestamp: '2023-06-06T10:14:49.346Z'
}
{
  message: 'Server is running at http://localhost:5000',
  level: 'info',
  service: 'user-service',
  label: 'university-management-clint',
  timestamp: '2023-06-06T10:14:49.360Z'
}
{
  message: 'Database connection successfully',
  level: 'info',
  service: 'user-service',
  label: 'university-management-clint',
  timestamp: '2023-06-06T10:15:07.598Z'
}
{
  message: 'Server is running at http://localhost:5000',
  level: 'info',
  service: 'user-service',
  label: 'university-management-clint',
  timestamp: '2023-06-06T10:15:07.609Z'
}
{
  message: 'Database connection successfully',
  level: 'info',
  service: 'user-service',
  label: 'university-management-clint',
  timestamp: '2023-06-06T10:15:35.705Z'
}
{
  message: 'Server is running at http://localhost:5000',
  level: 'info',
  service: 'user-service',
  label: 'university-management-clint',
  timestamp: '2023-06-06T10:15:35.715Z'
}
{
  message: 'Database connection successfully',
  level: 'info',
  service: 'user-service',
  label: 'university-management-clint',
  timestamp: '2023-06-06T10:15:52.089Z'
}
{
  message: 'Server is running at http://localhost:5000',
  level: 'info',
  service: 'user-service',
  label: 'university-management-clint',
  timestamp: '2023-06-06T10:15:52.102Z'
}
{
  message: 'Database connection successfully',
  level: 'info',
  service: 'user-service',
  label: 'university-management-clint',
  timestamp: '2023-06-06T10:16:17.116Z'
}
{
  message: 'Server is running at http://localhost:5000',
  level: 'info',
  service: 'user-service',
  label: 'university-management-clint',
  timestamp: '2023-06-06T10:16:17.134Z'
}
