{
  message: 'Database connection successfully',
  level: 'info',
  service: 'user-service',
  label: 'university-management-clint',
  timestamp: '2023-06-07T05:12:31.646Z'
}
{
  message: 'Server is running at http://localhost:5000',
  level: 'info',
  service: 'user-service',
  label: 'university-management-clint',
  timestamp: '2023-06-07T05:12:31.676Z'
}
{
  message: 'Database connection successfully',
  level: 'info',
  service: 'user-service',
  label: 'university-management-clint',
  timestamp: '2023-06-07T05:12:46.835Z'
}
{
  message: 'Server is running at http://localhost:5000',
  level: 'info',
  service: 'user-service',
  label: 'university-management-clint',
  timestamp: '2023-06-07T05:12:46.876Z'
}
{
  message: 'Database connection successfully',
  level: 'info',
  service: 'user-service',
  label: 'university-management-clint',
  timestamp: '2023-06-07T05:14:02.183Z'
}
{
  message: 'Server is running at http://localhost:5000',
  level: 'info',
  service: 'user-service',
  label: 'university-management-clint',
  timestamp: '2023-06-07T05:14:02.200Z'
}
{
  message: 'Database connection successfully',
  level: 'info',
  service: 'user-service',
  label: 'university-management-clint',
  timestamp: '2023-06-07T05:14:19.919Z'
}
{
  message: 'Server is running at http://localhost:5000',
  level: 'info',
  service: 'user-service',
  label: 'university-management-clint',
  timestamp: '2023-06-07T05:14:19.964Z'
}
{
  message: 'Database connection successfully',
  level: 'info',
  service: 'user-service',
  label: 'university-management-clint',
  timestamp: '2023-06-07T05:14:55.025Z'
}
{
  message: 'Server is running at http://localhost:5000',
  level: 'info',
  service: 'user-service',
  label: 'university-management-clint',
  timestamp: '2023-06-07T05:14:55.063Z'
}
