{
  message: 'Database connection successfully',
  level: 'info',
  service: 'user-service',
  label: 'university-management-clint',
  timestamp: '2023-06-12T11:00:45.973Z'
}
{
  message: 'Server is running at http://localhost:5000',
  level: 'info',
  service: 'user-service',
  label: 'university-management-clint',
  timestamp: '2023-06-12T11:00:45.984Z'
}
{
  message: 'Database connection successfully',
  level: 'info',
  service: 'user-service',
  label: 'university-management-clint',
  timestamp: '2023-06-12T11:00:58.861Z'
}
{
  message: 'Server is running at http://localhost:5000',
  level: 'info',
  service: 'user-service',
  label: 'university-management-clint',
  timestamp: '2023-06-12T11:00:58.877Z'
}
{
  message: 'Database connection successfully',
  level: 'info',
  service: 'user-service',
  label: 'university-management-clint',
  timestamp: '2023-06-12T11:01:57.359Z'
}
{
  message: 'Server is running at http://localhost:5000',
  level: 'info',
  service: 'user-service',
  label: 'university-management-clint',
  timestamp: '2023-06-12T11:01:57.379Z'
}
{
  message: 'Database connection successfully',
  level: 'info',
  service: 'user-service',
  label: 'university-management-clint',
  timestamp: '2023-06-12T11:08:34.775Z'
}
{
  message: 'Server is running at http://localhost:5000',
  level: 'info',
  service: 'user-service',
  label: 'university-management-clint',
  timestamp: '2023-06-12T11:08:34.790Z'
}
{
  message: 'Database connection successfully',
  level: 'info',
  service: 'user-service',
  label: 'university-management-clint',
  timestamp: '2023-06-12T11:08:43.094Z'
}
{
  message: 'Server is running at http://localhost:5000',
  level: 'info',
  service: 'user-service',
  label: 'university-management-clint',
  timestamp: '2023-06-12T11:08:43.108Z'
}
{
  message: 'Database connection successfully',
  level: 'info',
  service: 'user-service',
  label: 'university-management-clint',
  timestamp: '2023-06-12T11:09:00.343Z'
}
{
  message: 'Server is running at http://localhost:5000',
  level: 'info',
  service: 'user-service',
  label: 'university-management-clint',
  timestamp: '2023-06-12T11:09:00.368Z'
}
{
  message: 'Database connection successfully',
  level: 'info',
  service: 'user-service',
  label: 'university-management-clint',
  timestamp: '2023-06-12T11:11:01.664Z'
}
{
  message: 'Server is running at http://localhost:5000',
  level: 'info',
  service: 'user-service',
  label: 'university-management-clint',
  timestamp: '2023-06-12T11:11:01.682Z'
}
{
  message: 'Database connection successfully',
  level: 'info',
  service: 'user-service',
  label: 'university-management-clint',
  timestamp: '2023-06-12T11:11:32.703Z'
}
{
  message: 'Server is running at http://localhost:5000',
  level: 'info',
  service: 'user-service',
  label: 'university-management-clint',
  timestamp: '2023-06-12T11:11:32.721Z'
}
{
  message: 'Database connection successfully',
  level: 'info',
  service: 'user-service',
  label: 'university-management-clint',
  timestamp: '2023-06-12T11:12:39.895Z'
}
{
  message: 'Server is running at http://localhost:5000',
  level: 'info',
  service: 'user-service',
  label: 'university-management-clint',
  timestamp: '2023-06-12T11:12:39.909Z'
}
{
  message: 'Database connection successfully',
  level: 'info',
  service: 'user-service',
  label: 'university-management-clint',
  timestamp: '2023-06-12T11:15:01.343Z'
}
{
  message: 'Server is running at http://localhost:5000',
  level: 'info',
  service: 'user-service',
  label: 'university-management-clint',
  timestamp: '2023-06-12T11:15:01.358Z'
}
{
  message: 'Database connection successfully',
  level: 'info',
  service: 'user-service',
  label: 'university-management-clint',
  timestamp: '2023-06-12T11:16:59.414Z'
}
{
  message: 'Server is running at http://localhost:5000',
  level: 'info',
  service: 'user-service',
  label: 'university-management-clint',
  timestamp: '2023-06-12T11:16:59.425Z'
}
